<?xml version="1.0" encoding="UTF-8"?>
<testng-results total="1" passed="1" failed="0" skipped="0">
  <reporter-output>
  </reporter-output>
  <suite started-at="2024-08-24T18:46:55Z" name="Test Suite for Buildout" finished-at="2024-08-24T18:47:19Z" duration-ms="23663">
    <groups>
    </groups>
    <test started-at="2024-08-24T18:46:55Z" name="Test Cases for Buildout" finished-at="2024-08-24T18:47:19Z" duration-ms="23663">
      <class name="demo.TestCases">
        <test-method is-config="true" signature="startBrowser()[pri:0, instance:demo.TestCases@1cbf6e72]" started-at="2024-08-25T00:16:55Z" name="startBrowser" finished-at="2024-08-25T00:16:57Z" duration-ms="1835" status="PASS">
          <reporter-output>
          </reporter-output>
        </test-method> <!-- startBrowser -->
        <test-method signature="TestCase01()[pri:0, instance:demo.TestCases@1cbf6e72]" started-at="2024-08-25T00:16:57Z" name="TestCase01" finished-at="2024-08-25T00:17:18Z" duration-ms="21463" status="PASS">
          <reporter-output>
          </reporter-output>
        </test-method> <!-- TestCase01 -->
        <test-method is-config="true" signature="endTest()[pri:0, instance:demo.TestCases@1cbf6e72]" started-at="2024-08-25T00:17:18Z" name="endTest" finished-at="2024-08-25T00:17:19Z" duration-ms="341" status="PASS">
          <reporter-output>
          </reporter-output>
        </test-method> <!-- endTest -->
      </class> <!-- demo.TestCases -->
    </test> <!-- Test Cases for Buildout -->
  </suite> <!-- Test Suite for Buildout -->
</testng-results>
